Состояние 65 конфликты: 2 сдвига/вывода
Состояние 70 конфликты: 4 сдвига/вывода


Грамматика

    0 $accept: select_list $end

    1 select_list: select_list select
    2            | select

    3 select: select_part from_part SQL_END
    4       | select_part from_part where_part SQL_END

    5 select_part: SELECT field_list
    6            | SELECT select_opt field_list

    7 field_list: '*'
    8           | field_names

    9 field_names: field_names COMMA field_name
   10            | field_name

   11 field_name: IDENTIFICATOR

   12 from_part: FROM table_list

   13 table_list: table_list COMMA table_name
   14           | table_name

   15 table_name: IDENTIFICATOR

   16 where_part: WHERE condition

   17 select_opt: DISTINCT
   18           | ALL

   19 condition: predicate
   20          | LB condition RB
   21          | condition condition_operator condition

   22 predicate: NOT predicate
   23          | field_value comparison field_value

   24 comparison: '='
   25           | '<' '>'
   26           | '<' '='
   27           | '<'
   28           | '>' '='
   29           | '>'

   30 field_value: value

   31 condition_operator: AND
   32                   | OR

   33 value: STRING
   34      | number_expression
   35      | NULL_W
   36      | DEFAULT

   37 number_expression: computable_expression
   38                  | LB number_expression RB
   39                  | number_expression number_operator number_expression

   40 computable_expression: number
   41                      | IDENTIFICATOR

   42 number_operator: '+'
   43                | '-'
   44                | '*'
   45                | '/'

   46 number: negative_number
   47       | POSITIVE_NUMBER

   48 negative_number: '-' POSITIVE_NUMBER


Терминальные символы с правилами, в которых они появляются

$end (0) 0
'*' (42) 7 44
'+' (43) 42
'-' (45) 43 48
'/' (47) 45
'<' (60) 25 26 27
'=' (61) 24 26 28
'>' (62) 25 28 29
error (256)
SELECT (258) 5 6
FROM (259) 12
COMMA (260) 9 13
IDENTIFICATOR (261) 11 15 41
WHERE (262) 16
DISTINCT (263) 17
ALL (264) 18
LB (265) 20 38
RB (266) 20 38
NOT (267) 22
AND (268) 31
OR (269) 32
NULL_W (270) 35
DEFAULT (271) 36
STRING (272) 33
POSITIVE_NUMBER (273) 47 48
SQL_END (274) 3 4


Нетерминальные символы с правилами, в которых они появляются

$accept (27)
    налево: 0
select_list (28)
    налево: 1 2, направо: 0 1
select (29)
    налево: 3 4, направо: 1 2
select_part (30)
    налево: 5 6, направо: 3 4
field_list (31)
    налево: 7 8, направо: 5 6
field_names (32)
    налево: 9 10, направо: 8 9
field_name (33)
    налево: 11, направо: 9 10
from_part (34)
    налево: 12, направо: 3 4
table_list (35)
    налево: 13 14, направо: 12 13
table_name (36)
    налево: 15, направо: 13 14
where_part (37)
    налево: 16, направо: 4
select_opt (38)
    налево: 17 18, направо: 6
condition (39)
    налево: 19 20 21, направо: 16 20 21
predicate (40)
    налево: 22 23, направо: 19 22
comparison (41)
    налево: 24 25 26 27 28 29, направо: 23
field_value (42)
    налево: 30, направо: 23
condition_operator (43)
    налево: 31 32, направо: 21
value (44)
    налево: 33 34 35 36, направо: 30
number_expression (45)
    налево: 37 38 39, направо: 34 38 39
computable_expression (46)
    налево: 40 41, направо: 37
number_operator (47)
    налево: 42 43 44 45, направо: 39
number (48)
    налево: 46 47, направо: 40
negative_number (49)
    налево: 48, направо: 46


состояние 0

    0 $accept: . select_list $end

    SELECT  сдвиг, и переход в состояние 1

    select_list  переход в состояние 2
    select       переход в состояние 3
    select_part  переход в состояние 4


состояние 1

    5 select_part: SELECT . field_list
    6            | SELECT . select_opt field_list

    IDENTIFICATOR  сдвиг, и переход в состояние 5
    DISTINCT       сдвиг, и переход в состояние 6
    ALL            сдвиг, и переход в состояние 7
    '*'            сдвиг, и переход в состояние 8

    field_list   переход в состояние 9
    field_names  переход в состояние 10
    field_name   переход в состояние 11
    select_opt   переход в состояние 12


состояние 2

    0 $accept: select_list . $end
    1 select_list: select_list . select

    $end    сдвиг, и переход в состояние 13
    SELECT  сдвиг, и переход в состояние 1

    select       переход в состояние 14
    select_part  переход в состояние 4


состояние 3

    2 select_list: select .

    $default  вывод с использованием правила 2 (select_list)


состояние 4

    3 select: select_part . from_part SQL_END
    4       | select_part . from_part where_part SQL_END

    FROM  сдвиг, и переход в состояние 15

    from_part  переход в состояние 16


состояние 5

   11 field_name: IDENTIFICATOR .

    $default  вывод с использованием правила 11 (field_name)


состояние 6

   17 select_opt: DISTINCT .

    $default  вывод с использованием правила 17 (select_opt)


состояние 7

   18 select_opt: ALL .

    $default  вывод с использованием правила 18 (select_opt)


состояние 8

    7 field_list: '*' .

    $default  вывод с использованием правила 7 (field_list)


состояние 9

    5 select_part: SELECT field_list .

    $default  вывод с использованием правила 5 (select_part)


состояние 10

    8 field_list: field_names .
    9 field_names: field_names . COMMA field_name

    COMMA  сдвиг, и переход в состояние 17

    $default  вывод с использованием правила 8 (field_list)


состояние 11

   10 field_names: field_name .

    $default  вывод с использованием правила 10 (field_names)


состояние 12

    6 select_part: SELECT select_opt . field_list

    IDENTIFICATOR  сдвиг, и переход в состояние 5
    '*'            сдвиг, и переход в состояние 8

    field_list   переход в состояние 18
    field_names  переход в состояние 10
    field_name   переход в состояние 11


состояние 13

    0 $accept: select_list $end .

    $default  accept


состояние 14

    1 select_list: select_list select .

    $default  вывод с использованием правила 1 (select_list)


состояние 15

   12 from_part: FROM . table_list

    IDENTIFICATOR  сдвиг, и переход в состояние 19

    table_list  переход в состояние 20
    table_name  переход в состояние 21


состояние 16

    3 select: select_part from_part . SQL_END
    4       | select_part from_part . where_part SQL_END

    WHERE    сдвиг, и переход в состояние 22
    SQL_END  сдвиг, и переход в состояние 23

    where_part  переход в состояние 24


состояние 17

    9 field_names: field_names COMMA . field_name

    IDENTIFICATOR  сдвиг, и переход в состояние 5

    field_name  переход в состояние 25


состояние 18

    6 select_part: SELECT select_opt field_list .

    $default  вывод с использованием правила 6 (select_part)


состояние 19

   15 table_name: IDENTIFICATOR .

    $default  вывод с использованием правила 15 (table_name)


состояние 20

   12 from_part: FROM table_list .
   13 table_list: table_list . COMMA table_name

    COMMA  сдвиг, и переход в состояние 26

    $default  вывод с использованием правила 12 (from_part)


состояние 21

   14 table_list: table_name .

    $default  вывод с использованием правила 14 (table_list)


состояние 22

   16 where_part: WHERE . condition

    IDENTIFICATOR    сдвиг, и переход в состояние 27
    LB               сдвиг, и переход в состояние 28
    NOT              сдвиг, и переход в состояние 29
    NULL_W           сдвиг, и переход в состояние 30
    DEFAULT          сдвиг, и переход в состояние 31
    STRING           сдвиг, и переход в состояние 32
    POSITIVE_NUMBER  сдвиг, и переход в состояние 33
    '-'              сдвиг, и переход в состояние 34

    condition              переход в состояние 35
    predicate              переход в состояние 36
    field_value            переход в состояние 37
    value                  переход в состояние 38
    number_expression      переход в состояние 39
    computable_expression  переход в состояние 40
    number                 переход в состояние 41
    negative_number        переход в состояние 42


состояние 23

    3 select: select_part from_part SQL_END .

    $default  вывод с использованием правила 3 (select)


состояние 24

    4 select: select_part from_part where_part . SQL_END

    SQL_END  сдвиг, и переход в состояние 43


состояние 25

    9 field_names: field_names COMMA field_name .

    $default  вывод с использованием правила 9 (field_names)


состояние 26

   13 table_list: table_list COMMA . table_name

    IDENTIFICATOR  сдвиг, и переход в состояние 19

    table_name  переход в состояние 44


состояние 27

   41 computable_expression: IDENTIFICATOR .

    $default  вывод с использованием правила 41 (computable_expression)


состояние 28

   20 condition: LB . condition RB
   38 number_expression: LB . number_expression RB

    IDENTIFICATOR    сдвиг, и переход в состояние 27
    LB               сдвиг, и переход в состояние 28
    NOT              сдвиг, и переход в состояние 29
    NULL_W           сдвиг, и переход в состояние 30
    DEFAULT          сдвиг, и переход в состояние 31
    STRING           сдвиг, и переход в состояние 32
    POSITIVE_NUMBER  сдвиг, и переход в состояние 33
    '-'              сдвиг, и переход в состояние 34

    condition              переход в состояние 45
    predicate              переход в состояние 36
    field_value            переход в состояние 37
    value                  переход в состояние 38
    number_expression      переход в состояние 46
    computable_expression  переход в состояние 40
    number                 переход в состояние 41
    negative_number        переход в состояние 42


состояние 29

   22 predicate: NOT . predicate

    IDENTIFICATOR    сдвиг, и переход в состояние 27
    LB               сдвиг, и переход в состояние 47
    NOT              сдвиг, и переход в состояние 29
    NULL_W           сдвиг, и переход в состояние 30
    DEFAULT          сдвиг, и переход в состояние 31
    STRING           сдвиг, и переход в состояние 32
    POSITIVE_NUMBER  сдвиг, и переход в состояние 33
    '-'              сдвиг, и переход в состояние 34

    predicate              переход в состояние 48
    field_value            переход в состояние 37
    value                  переход в состояние 38
    number_expression      переход в состояние 39
    computable_expression  переход в состояние 40
    number                 переход в состояние 41
    negative_number        переход в состояние 42


состояние 30

   35 value: NULL_W .

    $default  вывод с использованием правила 35 (value)


состояние 31

   36 value: DEFAULT .

    $default  вывод с использованием правила 36 (value)


состояние 32

   33 value: STRING .

    $default  вывод с использованием правила 33 (value)


состояние 33

   47 number: POSITIVE_NUMBER .

    $default  вывод с использованием правила 47 (number)


состояние 34

   48 negative_number: '-' . POSITIVE_NUMBER

    POSITIVE_NUMBER  сдвиг, и переход в состояние 49


состояние 35

   16 where_part: WHERE condition .
   21 condition: condition . condition_operator condition

    AND  сдвиг, и переход в состояние 50
    OR   сдвиг, и переход в состояние 51

    $default  вывод с использованием правила 16 (where_part)

    condition_operator  переход в состояние 52


состояние 36

   19 condition: predicate .

    $default  вывод с использованием правила 19 (condition)


состояние 37

   23 predicate: field_value . comparison field_value

    '='  сдвиг, и переход в состояние 53
    '<'  сдвиг, и переход в состояние 54
    '>'  сдвиг, и переход в состояние 55

    comparison  переход в состояние 56


состояние 38

   30 field_value: value .

    $default  вывод с использованием правила 30 (field_value)


состояние 39

   34 value: number_expression .
   39 number_expression: number_expression . number_operator number_expression

    '*'  сдвиг, и переход в состояние 57
    '+'  сдвиг, и переход в состояние 58
    '-'  сдвиг, и переход в состояние 59
    '/'  сдвиг, и переход в состояние 60

    $default  вывод с использованием правила 34 (value)

    number_operator  переход в состояние 61


состояние 40

   37 number_expression: computable_expression .

    $default  вывод с использованием правила 37 (number_expression)


состояние 41

   40 computable_expression: number .

    $default  вывод с использованием правила 40 (computable_expression)


состояние 42

   46 number: negative_number .

    $default  вывод с использованием правила 46 (number)


состояние 43

    4 select: select_part from_part where_part SQL_END .

    $default  вывод с использованием правила 4 (select)


состояние 44

   13 table_list: table_list COMMA table_name .

    $default  вывод с использованием правила 13 (table_list)


состояние 45

   20 condition: LB condition . RB
   21          | condition . condition_operator condition

    RB   сдвиг, и переход в состояние 62
    AND  сдвиг, и переход в состояние 50
    OR   сдвиг, и переход в состояние 51

    condition_operator  переход в состояние 52


состояние 46

   34 value: number_expression .
   38 number_expression: LB number_expression . RB
   39                  | number_expression . number_operator number_expression

    RB   сдвиг, и переход в состояние 63
    '*'  сдвиг, и переход в состояние 57
    '+'  сдвиг, и переход в состояние 58
    '-'  сдвиг, и переход в состояние 59
    '/'  сдвиг, и переход в состояние 60

    $default  вывод с использованием правила 34 (value)

    number_operator  переход в состояние 61


состояние 47

   38 number_expression: LB . number_expression RB

    IDENTIFICATOR    сдвиг, и переход в состояние 27
    LB               сдвиг, и переход в состояние 47
    POSITIVE_NUMBER  сдвиг, и переход в состояние 33
    '-'              сдвиг, и переход в состояние 34

    number_expression      переход в состояние 64
    computable_expression  переход в состояние 40
    number                 переход в состояние 41
    negative_number        переход в состояние 42


состояние 48

   22 predicate: NOT predicate .

    $default  вывод с использованием правила 22 (predicate)


состояние 49

   48 negative_number: '-' POSITIVE_NUMBER .

    $default  вывод с использованием правила 48 (negative_number)


состояние 50

   31 condition_operator: AND .

    $default  вывод с использованием правила 31 (condition_operator)


состояние 51

   32 condition_operator: OR .

    $default  вывод с использованием правила 32 (condition_operator)


состояние 52

   21 condition: condition condition_operator . condition

    IDENTIFICATOR    сдвиг, и переход в состояние 27
    LB               сдвиг, и переход в состояние 28
    NOT              сдвиг, и переход в состояние 29
    NULL_W           сдвиг, и переход в состояние 30
    DEFAULT          сдвиг, и переход в состояние 31
    STRING           сдвиг, и переход в состояние 32
    POSITIVE_NUMBER  сдвиг, и переход в состояние 33
    '-'              сдвиг, и переход в состояние 34

    condition              переход в состояние 65
    predicate              переход в состояние 36
    field_value            переход в состояние 37
    value                  переход в состояние 38
    number_expression      переход в состояние 39
    computable_expression  переход в состояние 40
    number                 переход в состояние 41
    negative_number        переход в состояние 42


состояние 53

   24 comparison: '=' .

    $default  вывод с использованием правила 24 (comparison)


состояние 54

   25 comparison: '<' . '>'
   26           | '<' . '='
   27           | '<' .

    '='  сдвиг, и переход в состояние 66
    '>'  сдвиг, и переход в состояние 67

    $default  вывод с использованием правила 27 (comparison)


состояние 55

   28 comparison: '>' . '='
   29           | '>' .

    '='  сдвиг, и переход в состояние 68

    $default  вывод с использованием правила 29 (comparison)


состояние 56

   23 predicate: field_value comparison . field_value

    IDENTIFICATOR    сдвиг, и переход в состояние 27
    LB               сдвиг, и переход в состояние 47
    NULL_W           сдвиг, и переход в состояние 30
    DEFAULT          сдвиг, и переход в состояние 31
    STRING           сдвиг, и переход в состояние 32
    POSITIVE_NUMBER  сдвиг, и переход в состояние 33
    '-'              сдвиг, и переход в состояние 34

    field_value            переход в состояние 69
    value                  переход в состояние 38
    number_expression      переход в состояние 39
    computable_expression  переход в состояние 40
    number                 переход в состояние 41
    negative_number        переход в состояние 42


состояние 57

   44 number_operator: '*' .

    $default  вывод с использованием правила 44 (number_operator)


состояние 58

   42 number_operator: '+' .

    $default  вывод с использованием правила 42 (number_operator)


состояние 59

   43 number_operator: '-' .

    $default  вывод с использованием правила 43 (number_operator)


состояние 60

   45 number_operator: '/' .

    $default  вывод с использованием правила 45 (number_operator)


состояние 61

   39 number_expression: number_expression number_operator . number_expression

    IDENTIFICATOR    сдвиг, и переход в состояние 27
    LB               сдвиг, и переход в состояние 47
    POSITIVE_NUMBER  сдвиг, и переход в состояние 33
    '-'              сдвиг, и переход в состояние 34

    number_expression      переход в состояние 70
    computable_expression  переход в состояние 40
    number                 переход в состояние 41
    negative_number        переход в состояние 42


состояние 62

   20 condition: LB condition RB .

    $default  вывод с использованием правила 20 (condition)


состояние 63

   38 number_expression: LB number_expression RB .

    $default  вывод с использованием правила 38 (number_expression)


состояние 64

   38 number_expression: LB number_expression . RB
   39                  | number_expression . number_operator number_expression

    RB   сдвиг, и переход в состояние 63
    '*'  сдвиг, и переход в состояние 57
    '+'  сдвиг, и переход в состояние 58
    '-'  сдвиг, и переход в состояние 59
    '/'  сдвиг, и переход в состояние 60

    number_operator  переход в состояние 61


состояние 65

   21 condition: condition . condition_operator condition
   21          | condition condition_operator condition .

    AND  сдвиг, и переход в состояние 50
    OR   сдвиг, и переход в состояние 51

    AND       [вывод с использованием правила 21 (condition)]
    OR        [вывод с использованием правила 21 (condition)]
    $default  вывод с использованием правила 21 (condition)

    condition_operator  переход в состояние 52


состояние 66

   26 comparison: '<' '=' .

    $default  вывод с использованием правила 26 (comparison)


состояние 67

   25 comparison: '<' '>' .

    $default  вывод с использованием правила 25 (comparison)


состояние 68

   28 comparison: '>' '=' .

    $default  вывод с использованием правила 28 (comparison)


состояние 69

   23 predicate: field_value comparison field_value .

    $default  вывод с использованием правила 23 (predicate)


состояние 70

   39 number_expression: number_expression . number_operator number_expression
   39                  | number_expression number_operator number_expression .

    '*'  сдвиг, и переход в состояние 57
    '+'  сдвиг, и переход в состояние 58
    '-'  сдвиг, и переход в состояние 59
    '/'  сдвиг, и переход в состояние 60

    '*'       [вывод с использованием правила 39 (number_expression)]
    '+'       [вывод с использованием правила 39 (number_expression)]
    '-'       [вывод с использованием правила 39 (number_expression)]
    '/'       [вывод с использованием правила 39 (number_expression)]
    $default  вывод с использованием правила 39 (number_expression)

    number_operator  переход в состояние 61
